<?xml version="1.0" encoding="UTF-8"?>
<!-- Generated by org.testng.reporters.JUnitReportReporter -->
<testsuite hostname="DESKTOP-1SUQ5I1" failures="0" tests="1" name="com.learn.automation.sample.ExtentReport" time="0.694" errors="0" timestamp="2024-06-06T14:55:26 IST" skipped="0">
  <testcase classname="com.learn.automation.sample.ExtentReport" name="test1" time="0.694"/>
  <system-out/>
</testsuite> <!-- com.learn.automation.sample.ExtentReport -->
